<?xml version="1.0" encoding="utf-8"?><testsuites name="pytest tests"><testsuite name="pytest" errors="0" failures="0" skipped="0" tests="21" time="17.782" timestamp="2026-05-27T04:52:35.887505+00:00" hostname="agent-env-26f0b033-f648-4fa8-b136-77ecbce8b0f5"><testcase classname="backend.tests.backend_test" name="test_health" time="0.232" /><testcase classname="backend.tests.backend_test" name="test_pair_create_fields" time="0.073" /><testcase classname="backend.tests.backend_test" name="test_pair_join_valid" time="0.055" /><testcase classname="backend.tests.backend_test" name="test_pair_join_invalid" time="0.049" /><testcase classname="backend.tests.backend_test" name="test_pair_get_by_owner_token" time="0.051" /><testcase classname="backend.tests.backend_test" name="test_pair_get_by_partner_token" time="0.051" /><testcase classname="backend.tests.backend_test" name="test_pair_get_invalid_token" time="0.051" /><testcase classname="backend.tests.backend_test" name="test_messages_crud" time="0.255" /><testcase classname="backend.tests.backend_test" name="test_messages_patch_not_found" time="0.051" /><testcase classname="backend.tests.backend_test" name="test_message_without_unlock_date_is_null" time="0.116" /><testcase classname="backend.tests.backend_test" name="test_message_with_unlock_date_persisted" time="0.156" /><testcase classname="backend.tests.backend_test" name="test_message_with_explicit_null_unlock_date" time="0.104" /><testcase classname="backend.tests.backend_test" name="test_photos_crud" time="0.211" /><testcase classname="backend.tests.backend_test" name="test_events_crud[event]" time="0.158" /><testcase classname="backend.tests.backend_test" name="test_events_crud[anniversary]" time="0.159" /><testcase classname="backend.tests.backend_test" name="test_events_crud[reminder]" time="0.160" /><testcase classname="backend.tests.backend_test" name="test_places_crud" time="0.157" /><testcase classname="backend.tests.backend_test" name="test_ai_poem[tender]" time="5.849" /><testcase classname="backend.tests.backend_test" name="test_ai_poem[playful]" time="3.478" /><testcase classname="backend.tests.backend_test" name="test_ai_quote" time="2.899" /><testcase classname="backend.tests.backend_test" name="test_ai_message" time="3.274" /></testsuite></testsuites>