<?xml version="1.0" encoding="utf-8"?><testsuites name="pytest tests"><testsuite name="pytest" errors="0" failures="0" skipped="0" tests="27" time="24.486" timestamp="2026-05-27T06:21:54.497191+00:00" hostname="agent-env-26f0b033-f648-4fa8-b136-77ecbce8b0f5"><testcase classname="backend.tests.backend_test" name="test_health" time="0.195" /><testcase classname="backend.tests.backend_test" name="test_pair_create_fields" time="0.050" /><testcase classname="backend.tests.backend_test" name="test_pair_join_valid" time="0.047" /><testcase classname="backend.tests.backend_test" name="test_pair_join_invalid" time="0.047" /><testcase classname="backend.tests.backend_test" name="test_pair_get_by_owner_token" time="0.046" /><testcase classname="backend.tests.backend_test" name="test_pair_get_by_partner_token" time="0.046" /><testcase classname="backend.tests.backend_test" name="test_pair_get_invalid_token" time="0.047" /><testcase classname="backend.tests.backend_test" name="test_messages_crud" time="0.232" /><testcase classname="backend.tests.backend_test" name="test_messages_patch_not_found" time="0.054" /><testcase classname="backend.tests.backend_test" name="test_message_without_unlock_date_is_null" time="0.088" /><testcase classname="backend.tests.backend_test" name="test_message_with_unlock_date_persisted" time="0.133" /><testcase classname="backend.tests.backend_test" name="test_message_with_explicit_null_unlock_date" time="0.095" /><testcase classname="backend.tests.backend_test" name="test_photos_crud" time="0.178" /><testcase classname="backend.tests.backend_test" name="test_events_crud[event]" time="0.152" /><testcase classname="backend.tests.backend_test" name="test_events_crud[anniversary]" time="0.135" /><testcase classname="backend.tests.backend_test" name="test_events_crud[reminder]" time="0.135" /><testcase classname="backend.tests.backend_test" name="test_places_crud" time="0.137" /><testcase classname="backend.tests.backend_test" name="test_ai_poem[tender]" time="7.241" /><testcase classname="backend.tests.backend_test" name="test_ai_poem[playful]" time="2.960" /><testcase classname="backend.tests.backend_test" name="test_ai_quote" time="1.577" /><testcase classname="backend.tests.backend_test" name="test_ai_message" time="2.602" /><testcase classname="backend.tests.backend_test" name="test_pair_patch_owner_name" time="0.121" /><testcase classname="backend.tests.backend_test" name="test_pair_patch_profile_photos" time="0.044" /><testcase classname="backend.tests.backend_test" name="test_pair_patch_invalid_token" time="0.048" /><testcase classname="backend.tests.backend_test" name="test_pair_patch_empty_payload" time="0.046" /><testcase classname="backend.tests.backend_test" name="test_ai_dateidea_returns_three_ideas" time="4.045" /><testcase classname="backend.tests.backend_test" name="test_ai_dateidea_minimal_payload" time="3.812" /></testsuite></testsuites>